<?xml version="1.0" encoding="UTF-8"?>
<testng-results ignored="0" total="1" passed="1" failed="0" skipped="0">
  <reporter-output>
  </reporter-output>
  <suite started-at="2023-03-11T19:15:38 IST" name="Default suite" finished-at="2023-03-11T19:15:56 IST" duration-ms="17667">
    <groups>
    </groups>
    <test started-at="2023-03-11T19:15:38 IST" name="Default test" finished-at="2023-03-11T19:15:56 IST" duration-ms="17667">
      <class name="com.bluestone.tests.TA001_MainTest">
        <test-method is-config="true" signature="setUp()[pri:0, instance:com.bluestone.tests.TA001_MainTest@4f25b795]" started-at="2023-03-11T19:15:38 IST" name="setUp" finished-at="2023-03-11T19:15:44 IST" duration-ms="6093" status="PASS">
          <reporter-output>
          </reporter-output>
        </test-method> <!-- setUp -->
        <test-method signature="loginPageTitleTest()[pri:1, instance:com.bluestone.tests.TA001_MainTest@4f25b795]" started-at="2023-03-11T19:15:44 IST" name="loginPageTitleTest" finished-at="2023-03-11T19:15:55 IST" duration-ms="11209" status="PASS">
          <reporter-output>
          </reporter-output>
        </test-method> <!-- loginPageTitleTest -->
        <test-method is-config="true" signature="tearDown()[pri:0, instance:com.bluestone.tests.TA001_MainTest@4f25b795]" started-at="2023-03-11T19:15:55 IST" name="tearDown" finished-at="2023-03-11T19:15:56 IST" duration-ms="318" status="PASS">
          <reporter-output>
          </reporter-output>
        </test-method> <!-- tearDown -->
      </class> <!-- com.bluestone.tests.TA001_MainTest -->
    </test> <!-- Default test -->
  </suite> <!-- Default suite -->
</testng-results>
